Command line:
   Half_subt_dataflow_tb_isim_beh.exe
     -simmode  gui
     -simrunnum  1
     -socket  62576

Wed Oct 21 23:40:09 2020


 Elaboration Time: 0.015625 sec

 Current Memory Usage: 5150.72 Meg

 Total Signals          : 19
 Total Nets             : 17
 Total Signal Drivers   : 9
 Total Blocks           : 3
 Total Primitive Blocks : 2
 Total Processes        : 11
 Total Traceable Variables  : 20
 Total Scalar Nets and Variables : 99
Total Line Count : 29

 Total Simulation Time: 0.171875 sec

 Current Memory Usage: 5465.29 Meg

Wed Oct 21 23:40:59 2020

