Command line:
   sequence_detector_18ec068_Moore_non_overlapping_tb_isim_beh.exe
     -simmode  gui
     -simrunnum  0
     -socket  49173

Sun Sep 06 11:01:22 2020


 Elaboration Time: 0.062401 sec

 Current Memory Usage: 667.484 Meg

 Total Signals          : 17
 Total Nets             : 17
 Total Signal Drivers   : 9
 Total Blocks           : 3
 Total Primitive Blocks : 2
 Total Processes        : 13
 Total Traceable Variables  : 28
 Total Scalar Nets and Variables : 113
Total Line Count : 76

 Total Simulation Time: 0.124801 sec

 Current Memory Usage: 982.057 Meg

Sun Sep 06 11:02:58 2020

