Command line:
   system1_isim_beh.exe
     -simmode  gui
     -simrunnum  0
     -socket  49164

Wed Sep 02 10:12:35 2020


 Elaboration Time: 0.0468 sec

 Current Memory Usage: 667.484 Meg

 Total Signals          : 20
 Total Nets             : 20
 Total Signal Drivers   : 9
 Total Blocks           : 2
 Total Primitive Blocks : 2
 Total Processes        : 10
 Total Traceable Variables  : 18
 Total Scalar Nets and Variables : 100
Total Line Count : 14

 Total Simulation Time: 0.1092 sec

 Current Memory Usage: 982.057 Meg

Wed Sep 02 10:13:52 2020

