Command line:
   system1tb_isim_beh.exe
     -simmode  gui
     -simrunnum  0
     -socket  49166

Wed Sep 02 10:18:14 2020


 Elaboration Time: 0.046801 sec

 Current Memory Usage: 667.484 Meg

 Total Signals          : 21
 Total Nets             : 20
 Total Signal Drivers   : 12
 Total Blocks           : 3
 Total Primitive Blocks : 2
 Total Processes        : 14
 Total Traceable Variables  : 21
 Total Scalar Nets and Variables : 103
Total Line Count : 46

 Total Simulation Time: 0.202802 sec

 Current Memory Usage: 667.484 Meg

Wed Sep 02 10:21:18 2020

