Command line:
   Half_adder_dataflow_18ec068_tb_isim_beh.exe
     -simmode  gui
     -simrunnum  0
     -socket  49781

Sun Sep 06 11:35:43 2020


 Elaboration Time: 0.078001 sec

 Current Memory Usage: 667.484 Meg

 Total Signals          : 19
 Total Nets             : 17
 Total Signal Drivers   : 9
 Total Blocks           : 3
 Total Primitive Blocks : 2
 Total Processes        : 11
 Total Traceable Variables  : 20
 Total Scalar Nets and Variables : 99
Total Line Count : 28

 Total Simulation Time: 0.218402 sec

 Current Memory Usage: 667.484 Meg

Sun Sep 06 11:44:16 2020

