Command line:
   mux_8x1frm4x1_tb_isim_beh.exe
     -simmode  gui
     -simrunnum  0
     -socket  49168

Sun Aug 02 19:00:10 2020


 Elaboration Time: 0.062401 sec

 Current Memory Usage: 667.484 Meg

 Total Signals          : 47
 Total Nets             : 31
 Total Signal Drivers   : 14
 Total Blocks           : 12
 Total Primitive Blocks : 8
 Total Processes        : 16
 Total Traceable Variables  : 20
 Total Scalar Nets and Variables : 122
Total Line Count : 34

 Total Simulation Time: 0.234002 sec

 Current Memory Usage: 982.057 Meg

Sun Aug 02 19:01:07 2020

