Command line:
   half_dataflow_tb_isim_beh.exe
     -simmode  gui
     -simrunnum  0
     -socket  49161

Thu Jul 30 10:27:52 2020


 Elaboration Time: 0.062401 sec

 Current Memory Usage: 667.484 Meg

 Total Signals          : 19
 Total Nets             : 17
 Total Signal Drivers   : 9
 Total Blocks           : 3
 Total Primitive Blocks : 2
 Total Processes        : 11
 Total Traceable Variables  : 20
 Total Scalar Nets and Variables : 99
Total Line Count : 23

 Total Simulation Time: 0.296402 sec

 Current Memory Usage: 667.484 Meg

Thu Jul 30 10:44:49 2020

