Command line:
   BCD_to_7_seg_tb_isim_beh.exe
     -simmode  gui
     -simrunnum  0
     -socket  50208

Mon Oct 12 11:44:10 2020


 Elaboration Time: 0.078 sec

 Current Memory Usage: 667.484 Meg

 Total Signals          : 16
 Total Nets             : 25
 Total Signal Drivers   : 8
 Total Blocks           : 3
 Total Primitive Blocks : 2
 Total Processes        : 11
 Total Traceable Variables  : 21
 Total Scalar Nets and Variables : 117
Total Line Count : 45

 Total Simulation Time: 0.1404 sec

 Current Memory Usage: 982.057 Meg

Mon Oct 12 11:45:28 2020

