Command line:
   full_adder_tb_isim_beh.exe
     -simmode  gui
     -simrunnum  0
     -socket  49174

Wed Sep 02 11:02:59 2020


 Elaboration Time: 0.062401 sec

 Current Memory Usage: 667.484 Meg

 Total Signals          : 31
 Total Nets             : 21
 Total Signal Drivers   : 13
 Total Blocks           : 5
 Total Primitive Blocks : 3
 Total Processes        : 15
 Total Traceable Variables  : 21
 Total Scalar Nets and Variables : 104
Total Line Count : 47

 Total Simulation Time: 0.530403 sec

 Current Memory Usage: 667.484 Meg

Wed Sep 02 11:06:09 2020

