Command line:
   SR_flipflop_nor_18ec068_tb_isim_beh.exe
     -simmode  gui
     -simrunnum  0
     -socket  49851

Sat Sep 12 12:07:54 2020


 Elaboration Time: 0.078 sec

 Current Memory Usage: 667.484 Meg

 Total Signals          : 23
 Total Nets             : 21
 Total Signal Drivers   : 13
 Total Blocks           : 3
 Total Primitive Blocks : 2
 Total Processes        : 16
 Total Traceable Variables  : 22
 Total Scalar Nets and Variables : 105
Total Line Count : 31

 Total Simulation Time: 0.202801 sec

 Current Memory Usage: 824.771 Meg

Sat Sep 12 12:09:52 2020

