Command line:
   swapping_blocking_18ec068_isim_beh.exe
     -simmode  gui
     -simrunnum  0
     -socket  49542

Tue Oct 06 10:57:33 2020


 Elaboration Time: 0.062401 sec

 Current Memory Usage: 667.484 Meg

 Total Signals          : 13
 Total Nets             : 13
 Total Signal Drivers   : 5
 Total Blocks           : 2
 Total Primitive Blocks : 2
 Total Processes        : 7
 Total Traceable Variables  : 20
 Total Scalar Nets and Variables : 97
Total Line Count : 20

 Total Simulation Time: 0.093601 sec

 Current Memory Usage: 667.484 Meg

Tue Oct 06 10:57:38 2020

