Command line:
   count_tb_isim_beh.exe
     -simmode  gui
     -simrunnum  0
     -socket  49184

Wed Oct 07 11:07:27 2020


 Elaboration Time: 0.0468 sec

 Current Memory Usage: 667.484 Meg

 Total Signals          : 15
 Total Nets             : 34
 Total Signal Drivers   : 7
 Total Blocks           : 3
 Total Primitive Blocks : 2
 Total Processes        : 11
 Total Traceable Variables  : 21
 Total Scalar Nets and Variables : 167
Total Line Count : 28

 Total Simulation Time: 0.187201 sec

 Current Memory Usage: 667.484 Meg

Wed Oct 07 11:12:43 2020

