Running: D:\softwares\14.7\ISE_DS\ISE\bin\nt64\unwrapped\fuse.exe -intstyle ise -incremental -lib unisims_ver -lib unimacro_ver -lib xilinxcorelib_ver -lib secureip -o D:/softwares/xilinx projects/sept2/system2_tb_isim_beh.exe -prj D:/softwares/xilinx projects/sept2/system2_tb_beh.prj work.system2_tb work.glbl 
ISim P.20131013 (signature 0x7708f090)
Number of CPUs detected in this system: 2
Turning on mult-threading, number of parallel sub-compilation jobs: 4 
Determining compilation order of HDL files
Analyzing Verilog file "D:/softwares/xilinx projects/sept2/system1.v" into library work
Analyzing Verilog file "D:/softwares/xilinx projects/sept2/system2.v" into library work
Analyzing Verilog file "D:/softwares/xilinx projects/sept2/system2_tb.v" into library work
Analyzing Verilog file "D:/softwares/14.7/ISE_DS/ISE//verilog/src/glbl.v" into library work
Starting static elaboration
Completed static elaboration
Compiling module system1
Compiling module system2
Compiling module system2_tb
Compiling module glbl
Time Resolution for simulation is 1ps.
Waiting for 3 sub-compilation(s) to finish...
Compiled 4 Verilog Units
Built simulation executable D:/softwares/xilinx projects/sept2/system2_tb_isim_beh.exe
Fuse Memory Usage: 26900 KB
Fuse CPU Usage: 654 ms
