Command line:
   universal_shift_register_tb_isim_beh.exe
     -simmode  gui
     -simrunnum  0
     -socket  49258

Mon Oct 12 13:10:06 2020


 Elaboration Time: 0.078001 sec

 Current Memory Usage: 667.484 Meg

 Total Signals          : 20
 Total Nets             : 27
 Total Signal Drivers   : 12
 Total Blocks           : 3
 Total Primitive Blocks : 2
 Total Processes        : 16
 Total Traceable Variables  : 25
 Total Scalar Nets and Variables : 121
Total Line Count : 45

 Total Simulation Time: 0.156001 sec

 Current Memory Usage: 982.057 Meg

Mon Oct 12 13:11:04 2020

