Command line:
   Half_subt_behavioral_isim_beh.exe
     -simmode  gui
     -simrunnum  0
     -socket  62578

Wed Oct 21 23:47:18 2020


 Elaboration Time: 0.015625 sec

 Current Memory Usage: 5151.29 Meg

 Total Signals          : 17
 Total Nets             : 17
 Total Signal Drivers   : 9
 Total Blocks           : 3
 Total Primitive Blocks : 2
 Total Processes        : 12
 Total Traceable Variables  : 22
 Total Scalar Nets and Variables : 101
Total Line Count : 31

 Total Simulation Time: 0.09375 sec

 Current Memory Usage: 4679.43 Meg

Wed Oct 21 23:56:55 2020

