Command line:
   momory_ROM_tb_isim_beh.exe
     -simmode  gui
     -simrunnum  0
     -socket  49296

Mon Oct 12 13:12:42 2020


 Elaboration Time: 0.0624 sec

 Current Memory Usage: 667.484 Meg

 Total Signals          : 16
 Total Nets             : 24
 Total Signal Drivers   : 8
 Total Blocks           : 3
 Total Primitive Blocks : 2
 Total Processes        : 11
 Total Traceable Variables  : 21
 Total Scalar Nets and Variables : 115
Total Line Count : 38

 Total Simulation Time: 0.296401 sec

 Current Memory Usage: 982.057 Meg

Mon Oct 12 13:13:31 2020

