Command line:
   full_subtractor_tb_isim_beh.exe
     -simmode  gui
     -simrunnum  0
     -socket  62597

Thu Oct 22 10:20:59 2020


 Elaboration Time: 0.03125 sec

 Current Memory Usage: 5151.31 Meg

 Total Signals          : 20
 Total Nets             : 18
 Total Signal Drivers   : 10
 Total Blocks           : 3
 Total Primitive Blocks : 2
 Total Processes        : 12
 Total Traceable Variables  : 21
 Total Scalar Nets and Variables : 101
Total Line Count : 49

 Total Simulation Time: 0.03125 sec

 Current Memory Usage: 4679.45 Meg

Thu Oct 22 10:30:55 2020

