Command line:
   mux_4x1frm2x1_tb_isim_beh.exe
     -simmode  gui
     -simrunnum  0
     -socket  49158

Fri Jul 31 18:14:18 2020


 Elaboration Time: 0.078001 sec

 Current Memory Usage: 667.484 Meg

 Total Signals          : 27
 Total Nets             : 22
 Total Signal Drivers   : 10
 Total Blocks           : 6
 Total Primitive Blocks : 4
 Total Processes        : 12
 Total Traceable Variables  : 20
 Total Scalar Nets and Variables : 108
Total Line Count : 26

 Total Simulation Time: 0.639605 sec

 Current Memory Usage: 667.484 Meg

Fri Jul 31 18:18:58 2020

