Command line:
   Dual_port_RAM_tb_isim_beh.exe
     -simmode  gui
     -simrunnum  0
     -socket  62641

Thu Oct 22 14:47:15 2020


 Elaboration Time: 0.046875 sec

 Current Memory Usage: 5150.64 Meg

 Total Signals          : 20
 Total Nets             : 33
 Total Signal Drivers   : 12
 Total Blocks           : 3
 Total Primitive Blocks : 2
 Total Processes        : 16
 Total Traceable Variables  : 26
 Total Scalar Nets and Variables : 1157
Total Line Count : 47

 Total Simulation Time: 0.296875 sec

 Current Memory Usage: 4678.78 Meg

Thu Oct 22 14:54:09 2020

