Command line:
   Half_adder_behavioral_18ec068_tb_isim_beh.exe
     -simmode  gui
     -simrunnum  0
     -socket  49158

Sun Sep 06 19:31:23 2020


 Elaboration Time: 0.093601 sec

 Current Memory Usage: 667.484 Meg

 Total Signals          : 17
 Total Nets             : 17
 Total Signal Drivers   : 9
 Total Blocks           : 3
 Total Primitive Blocks : 2
 Total Processes        : 12
 Total Traceable Variables  : 22
 Total Scalar Nets and Variables : 101
Total Line Count : 40

 Total Simulation Time: 0.280802 sec

 Current Memory Usage: 667.484 Meg

Sun Sep 06 19:40:00 2020

