Command line:
   half_adder_tb_isim_beh.exe
     -simmode  gui
     -simrunnum  0
     -socket  49172

Wed Sep 02 10:53:11 2020


 Elaboration Time: 0.062401 sec

 Current Memory Usage: 667.484 Meg

 Total Signals          : 19
 Total Nets             : 17
 Total Signal Drivers   : 9
 Total Blocks           : 3
 Total Primitive Blocks : 2
 Total Processes        : 11
 Total Traceable Variables  : 20
 Total Scalar Nets and Variables : 99
Total Line Count : 26

 Total Simulation Time: 0.109201 sec

 Current Memory Usage: 982.057 Meg

Wed Sep 02 10:53:43 2020

